# JRE version: OpenJDK Runtime Environment (17.0.11) (build 17.0.11+0--11852314)
# Java VM: OpenJDK 64-Bit Server VM (17.0.11+0--11852314, mixed mode, tiered, compressed oops, compressed class ptrs, g1 gc, windows-amd64)
GC Precious Log:
 CPUs: 4 total, 4 available
 Memory: 3521M
 Large Page Support: Disabled
 NUMA Support: Disabled
 Compressed Oops: Enabled (32-bit)
 Heap Region Size: 1M
 Heap Min Capacity: 8M
 Heap Initial Capacity: 56M
 Heap Max Capacity: 2G
 Pre-touch: Disabled
 Parallel Workers: 4
 Concurrent Workers: 1
 Concurrent Refinement Workers: 4
 Periodic GC: Disabled
Heap:
 garbage-first heap   total 459776K, used 315610K [0x0000000080000000, 0x0000000100000000)
  region size 1024K, 162 young (165888K), 4 survivors (4096K)
 Metaspace       used 126232K, committed 127104K, reserved 1179648K
  class space    used 17179K, committed 17600K, reserved 1048576K
GC Heap History (20 events):
Event: 132.891 GC heap before
{Heap before GC invocations=87 (full 0):
 garbage-first heap   total 245760K, used 209751K [0x0000000080000000, 0x0000000100000000)
  region size 1024K, 90 young (92160K), 2 survivors (2048K)
 Metaspace       used 108008K, committed 108864K, reserved 1179648K
  class space    used 14861K, committed 15296K, reserved 1048576K
}
Event: 132.991 GC heap after
{Heap after GC invocations=88 (full 0):
 garbage-first heap   total 245760K, used 137900K [0x0000000080000000, 0x0000000100000000)
  region size 1024K, 12 young (12288K), 12 survivors (12288K)
 Metaspace       used 108008K, committed 108864K, reserved 1179648K
  class space    used 14861K, committed 15296K, reserved 1048576K
}
Event: 136.303 GC heap before
{Heap before GC invocations=89 (full 0):
 garbage-first heap   total 247808K, used 201388K [0x0000000080000000, 0x0000000100000000)
  region size 1024K, 66 young (67584K), 12 survivors (12288K)
 Metaspace       used 110876K, committed 111744K, reserved 1179648K
  class space    used 15128K, committed 15552K, reserved 1048576K
}
Event: 136.359 GC heap after
{Heap after GC invocations=90 (full 0):
 garbage-first heap   total 247808K, used 147701K [0x0000000080000000, 0x0000000100000000)
  region size 1024K, 9 young (9216K), 9 survivors (9216K)
 Metaspace       used 110876K, committed 111744K, reserved 1179648K
  class space    used 15128K, committed 15552K, reserved 1048576K
}
Event: 136.492 GC heap before
{Heap before GC invocations=90 (full 0):
 garbage-first heap   total 247808K, used 149749K [0x0000000080000000, 0x0000000100000000)
  region size 1024K, 12 young (12288K), 9 survivors (9216K)
 Metaspace       used 111238K, committed 112064K, reserved 1179648K
  class space    used 15165K, committed 15552K, reserved 1048576K
}
Event: 136.528 GC heap after
{Heap after GC invocations=91 (full 0):
 garbage-first heap   total 247808K, used 148383K [0x0000000080000000, 0x0000000100000000)
  region size 1024K, 2 young (2048K), 2 survivors (2048K)
 Metaspace       used 111238K, committed 112064K, reserved 1179648K
  class space    used 15165K, committed 15552K, reserved 1048576K
}
Event: 138.979 GC heap before
{Heap before GC invocations=91 (full 0):
 garbage-first heap   total 247808K, used 199583K [0x0000000080000000, 0x0000000100000000)
  region size 1024K, 52 young (53248K), 2 survivors (2048K)
 Metaspace       used 112008K, committed 112832K, reserved 1179648K
  class space    used 15224K, committed 15616K, reserved 1048576K
}
Event: 138.987 GC heap after
{Heap after GC invocations=92 (full 0):
 garbage-first heap   total 247808K, used 148192K [0x0000000080000000, 0x0000000100000000)
  region size 1024K, 2 young (2048K), 2 survivors (2048K)
 Metaspace       used 112008K, committed 112832K, reserved 1179648K
  class space    used 15224K, committed 15616K, reserved 1048576K
}
Event: 150.615 GC heap before
{Heap before GC invocations=92 (full 0):
 garbage-first heap   total 247808K, used 203488K [0x0000000080000000, 0x0000000100000000)
  region size 1024K, 55 young (56320K), 2 survivors (2048K)
 Metaspace       used 113563K, committed 114432K, reserved 1179648K
  class space    used 15377K, committed 15808K, reserved 1048576K
}
Event: 150.658 GC heap after
{Heap after GC invocations=93 (full 0):
 garbage-first heap   total 247808K, used 149553K [0x0000000080000000, 0x0000000100000000)
  region size 1024K, 3 young (3072K), 3 survivors (3072K)
 Metaspace       used 113563K, committed 114432K, reserved 1179648K
  class space    used 15377K, committed 15808K, reserved 1048576K
}
Event: 157.728 GC heap before
{Heap before GC invocations=93 (full 0):
 garbage-first heap   total 247808K, used 205873K [0x0000000080000000, 0x0000000100000000)
  region size 1024K, 58 young (59392K), 3 survivors (3072K)
 Metaspace       used 115318K, committed 116224K, reserved 1179648K
  class space    used 15582K, committed 16000K, reserved 1048576K
}
Event: 157.771 GC heap after
{Heap after GC invocations=94 (full 0):
 garbage-first heap   total 247808K, used 153298K [0x0000000080000000, 0x0000000100000000)
  region size 1024K, 7 young (7168K), 7 survivors (7168K)
 Metaspace       used 115318K, committed 116224K, reserved 1179648K
  class space    used 15582K, committed 16000K, reserved 1048576K
}
Event: 159.331 GC heap before
{Heap before GC invocations=94 (full 0):
 garbage-first heap   total 247808K, used 205522K [0x0000000080000000, 0x0000000100000000)
  region size 1024K, 59 young (60416K), 7 survivors (7168K)
 Metaspace       used 115752K, committed 116672K, reserved 1179648K
  class space    used 15628K, committed 16064K, reserved 1048576K
}
Event: 159.391 GC heap after
{Heap after GC invocations=95 (full 0):
 garbage-first heap   total 247808K, used 154546K [0x0000000080000000, 0x0000000100000000)
  region size 1024K, 3 young (3072K), 3 survivors (3072K)
 Metaspace       used 115752K, committed 116672K, reserved 1179648K
  class space    used 15628K, committed 16064K, reserved 1048576K
}
Event: 160.755 GC heap before
{Heap before GC invocations=95 (full 0):
 garbage-first heap   total 247808K, used 207794K [0x0000000080000000, 0x0000000100000000)
  region size 1024K, 56 young (57344K), 3 survivors (3072K)
 Metaspace       used 115753K, committed 116672K, reserved 1179648K
  class space    used 15628K, committed 16064K, reserved 1048576K
}
Event: 160.967 GC heap after
{Heap after GC invocations=96 (full 0):
 garbage-first heap   total 459776K, used 154549K [0x0000000080000000, 0x0000000100000000)
  region size 1024K, 3 young (3072K), 3 survivors (3072K)
 Metaspace       used 115753K, committed 116672K, reserved 1179648K
  class space    used 15628K, committed 16064K, reserved 1048576K
}
Event: 163.657 GC heap before
{Heap before GC invocations=96 (full 0):
 garbage-first heap   total 459776K, used 315317K [0x0000000080000000, 0x0000000100000000)
  region size 1024K, 161 young (164864K), 3 survivors (3072K)
 Metaspace       used 115755K, committed 116672K, reserved 1179648K
  class space    used 15628K, committed 16064K, reserved 1048576K
}
Event: 163.698 GC heap after
{Heap after GC invocations=97 (full 0):
 garbage-first heap   total 459776K, used 155317K [0x0000000080000000, 0x0000000100000000)
  region size 1024K, 3 young (3072K), 3 survivors (3072K)
 Metaspace       used 115755K, committed 116672K, reserved 1179648K
  class space    used 15628K, committed 16064K, reserved 1048576K
}
Event: 169.945 GC heap before
{Heap before GC invocations=97 (full 0):
 garbage-first heap   total 459776K, used 378549K [0x0000000080000000, 0x0000000100000000)
  region size 1024K, 222 young (227328K), 3 survivors (3072K)
 Metaspace       used 115866K, committed 116736K, reserved 1179648K
  class space    used 15637K, committed 16064K, reserved 1048576K
}
Event: 169.964 GC heap after
{Heap after GC invocations=98 (full 0):
 garbage-first heap   total 459776K, used 155866K [0x0000000080000000, 0x0000000100000000)
  region size 1024K, 4 young (4096K), 4 survivors (4096K)
 Metaspace       used 115866K, committed 116736K, reserved 1179648K
  class space    used 15637K, committed 16064K, reserved 1048576K
}

